INFO main org.wso2.siddhi.core.util.EventPrinter - [Event{timestamp=1592017419075, data=[IBM, 700.0], isExpired=false}]
INFO main org.wso2.siddhi.core.util.EventPrinter - [Event{timestamp=1592017419083, data=[GOOG, 50.0], isExpired=false}]
INFO main org.wso2.siddhi.core.util.EventPrinter - [Event{timestamp=1592017419084, data=[WSO2, 45.6], isExpired=false}]
ERROR main org.wso2.siddhi.core.query.output.callback.QueryCallback - Error on sending events[Event{timestamp=1592018113077, data=[Welcome, 700.0], isExpired=false}], null
java.lang.ArrayIndexOutOfBoundsException: 1
	at com.zhangjun.test.SimpleFilterSample$1.receive(SimpleFilterSample.java:46)
	at org.wso2.siddhi.core.query.output.callback.QueryCallback.send(QueryCallback.java:86)
	at org.wso2.siddhi.core.query.output.callback.QueryCallback.receiveStreamEvent(QueryCallback.java:81)
	at org.wso2.siddhi.core.query.output.ratelimit.OutputRateLimiter.sendToCallBacks(OutputRateLimiter.java:70)
	at org.wso2.siddhi.core.query.output.ratelimit.PassThroughOutputRateLimiter.process(PassThroughOutputRateLimiter.java:46)
	at org.wso2.siddhi.core.query.selector.QuerySelector.process(QuerySelector.java:97)
	at org.wso2.siddhi.core.query.processor.filter.FilterProcessor.process(FilterProcessor.java:60)
	at org.wso2.siddhi.core.query.input.ProcessStreamReceiver.processAndClear(ProcessStreamReceiver.java:187)
	at org.wso2.siddhi.core.query.input.ProcessStreamReceiver.process(ProcessStreamReceiver.java:97)
	at org.wso2.siddhi.core.query.input.ProcessStreamReceiver.receive(ProcessStreamReceiver.java:183)
	at org.wso2.siddhi.core.stream.StreamJunction.sendData(StreamJunction.java:222)
	at org.wso2.siddhi.core.stream.StreamJunction.access$200(StreamJunction.java:56)
	at org.wso2.siddhi.core.stream.StreamJunction$Publisher.send(StreamJunction.java:373)
	at org.wso2.siddhi.core.stream.input.InputDistributor.send(InputDistributor.java:49)
	at org.wso2.siddhi.core.stream.input.InputEntryValve.send(InputEntryValve.java:62)
	at org.wso2.siddhi.core.stream.input.InputHandler.send(InputHandler.java:49)
	at com.zhangjun.test.SimpleFilterSample.main(SimpleFilterSample.java:61)
ERROR main org.wso2.siddhi.core.query.output.callback.QueryCallback - Error on sending events[Event{timestamp=1592018113082, data=[to, 50.0], isExpired=false}], null
java.lang.ArrayIndexOutOfBoundsException: 1
	at com.zhangjun.test.SimpleFilterSample$1.receive(SimpleFilterSample.java:46)
	at org.wso2.siddhi.core.query.output.callback.QueryCallback.send(QueryCallback.java:86)
	at org.wso2.siddhi.core.query.output.callback.QueryCallback.receiveStreamEvent(QueryCallback.java:81)
	at org.wso2.siddhi.core.query.output.ratelimit.OutputRateLimiter.sendToCallBacks(OutputRateLimiter.java:70)
	at org.wso2.siddhi.core.query.output.ratelimit.PassThroughOutputRateLimiter.process(PassThroughOutputRateLimiter.java:46)
	at org.wso2.siddhi.core.query.selector.QuerySelector.process(QuerySelector.java:97)
	at org.wso2.siddhi.core.query.processor.filter.FilterProcessor.process(FilterProcessor.java:60)
	at org.wso2.siddhi.core.query.input.ProcessStreamReceiver.processAndClear(ProcessStreamReceiver.java:187)
	at org.wso2.siddhi.core.query.input.ProcessStreamReceiver.process(ProcessStreamReceiver.java:97)
	at org.wso2.siddhi.core.query.input.ProcessStreamReceiver.receive(ProcessStreamReceiver.java:183)
	at org.wso2.siddhi.core.stream.StreamJunction.sendData(StreamJunction.java:222)
	at org.wso2.siddhi.core.stream.StreamJunction.access$200(StreamJunction.java:56)
	at org.wso2.siddhi.core.stream.StreamJunction$Publisher.send(StreamJunction.java:373)
	at org.wso2.siddhi.core.stream.input.InputDistributor.send(InputDistributor.java:49)
	at org.wso2.siddhi.core.stream.input.InputEntryValve.send(InputEntryValve.java:62)
	at org.wso2.siddhi.core.stream.input.InputHandler.send(InputHandler.java:49)
	at com.zhangjun.test.SimpleFilterSample.main(SimpleFilterSample.java:63)
ERROR main org.wso2.siddhi.core.query.output.callback.QueryCallback - Error on sending events[Event{timestamp=1592018113083, data=[siddhi!, 45.6], isExpired=false}], null
java.lang.ArrayIndexOutOfBoundsException: 1
	at com.zhangjun.test.SimpleFilterSample$1.receive(SimpleFilterSample.java:46)
	at org.wso2.siddhi.core.query.output.callback.QueryCallback.send(QueryCallback.java:86)
	at org.wso2.siddhi.core.query.output.callback.QueryCallback.receiveStreamEvent(QueryCallback.java:81)
	at org.wso2.siddhi.core.query.output.ratelimit.OutputRateLimiter.sendToCallBacks(OutputRateLimiter.java:70)
	at org.wso2.siddhi.core.query.output.ratelimit.PassThroughOutputRateLimiter.process(PassThroughOutputRateLimiter.java:46)
	at org.wso2.siddhi.core.query.selector.QuerySelector.process(QuerySelector.java:97)
	at org.wso2.siddhi.core.query.processor.filter.FilterProcessor.process(FilterProcessor.java:60)
	at org.wso2.siddhi.core.query.input.ProcessStreamReceiver.processAndClear(ProcessStreamReceiver.java:187)
	at org.wso2.siddhi.core.query.input.ProcessStreamReceiver.process(ProcessStreamReceiver.java:97)
	at org.wso2.siddhi.core.query.input.ProcessStreamReceiver.receive(ProcessStreamReceiver.java:183)
	at org.wso2.siddhi.core.stream.StreamJunction.sendData(StreamJunction.java:222)
	at org.wso2.siddhi.core.stream.StreamJunction.access$200(StreamJunction.java:56)
	at org.wso2.siddhi.core.stream.StreamJunction$Publisher.send(StreamJunction.java:373)
	at org.wso2.siddhi.core.stream.input.InputDistributor.send(InputDistributor.java:49)
	at org.wso2.siddhi.core.stream.input.InputEntryValve.send(InputEntryValve.java:62)
	at org.wso2.siddhi.core.stream.input.InputHandler.send(InputHandler.java:49)
	at com.zhangjun.test.SimpleFilterSample.main(SimpleFilterSample.java:65)
